<?xml version="1.0" encoding="UTF-8"?>
<testng-results ignored="0" total="1" passed="1" failed="0" skipped="0">
  <reporter-output>
  </reporter-output>
  <suite started-at="2024-07-23T11:19:14 IST" name="Default suite" finished-at="2024-07-23T11:19:42 IST" duration-ms="28156">
    <groups>
    </groups>
    <test started-at="2024-07-23T11:19:14 IST" name="Default test" finished-at="2024-07-23T11:19:42 IST" duration-ms="28156">
      <class name="JavaScriptExecuter.ScrollWindow">
        <test-method signature="verifyPageScroll()[pri:0, instance:JavaScriptExecuter.ScrollWindow@1530c739]" started-at="2024-07-23T11:19:14 IST" name="verifyPageScroll" finished-at="2024-07-23T11:19:42 IST" duration-ms="28059" status="PASS">
          <reporter-output>
          </reporter-output>
        </test-method> <!-- verifyPageScroll -->
      </class> <!-- JavaScriptExecuter.ScrollWindow -->
    </test> <!-- Default test -->
  </suite> <!-- Default suite -->
</testng-results>
