<?xml version="1.0" encoding="UTF-8"?>
<!-- Generated by org.testng.reporters.JUnitXMLReporter -->
<testsuite ignored="0" hostname="DESKTOP-8KQUBEU" failures="0" tests="5" name="Test" time="50.816" errors="0" timestamp="2024-07-08T12:44:47 IST">
  <testcase classname="demolog.Sample" name="verifyStableVersions" time="2.599"/>
  <testcase classname="demolog.Sample" name="verifyStableVersions" time="17.188"/>
  <testcase classname="demolog.Sample" name="verifyStableVersions" time="17.475"/>
  <testcase classname="demolog.Sample" name="verifyStableVersions" time="1.442"/>
  <testcase classname="demolog.Sample" name="verifyStableVersions" time="2.439"/>
</testsuite> <!-- Test -->
