<?xml version="1.0" encoding="UTF-8"?>
<!-- Generated by org.testng.reporters.JUnitXMLReporter -->
<testsuite ignored="1" hostname="DESKTOP-8KQUBEU" failures="0" tests="1" name="TestOnFirefox" time="17.408" errors="0" timestamp="2024-07-08T22:52:16 IST">
  <testcase classname="TestNg.CrossBrowserTest" name="verifyBrowser" time="0.535"/>
  <testcase classname="TestNg.CrossBrowserTest" name="genericMethod" time="0.0">
    <ignored/>
  </testcase> <!-- genericMethod -->
</testsuite> <!-- TestOnFirefox -->
