<?xml version="1.0" encoding="UTF-8"?>
<!-- Generated by org.testng.reporters.JUnitXMLReporter -->
<testsuite ignored="1" hostname="DESKTOP-8KQUBEU" failures="0" tests="1" name="TestOnEdge" time="23.592" errors="0" timestamp="2024-03-17T12:22:48 IST">
  <testcase classname="TestNg.CrossBrowserTest" name="verifyBrowser" time="0.516"/>
  <testcase classname="TestNg.CrossBrowserTest" name="genericMethod" time="0.0">
    <ignored/>
  </testcase> <!-- genericMethod -->
</testsuite> <!-- TestOnEdge -->
