<?xml version="1.0" encoding="UTF-8"?>
<!-- Generated by org.testng.reporters.JUnitXMLReporter -->
<testsuite ignored="0" hostname="DESKTOP-8KQUBEU" failures="0" tests="4" name="Test" time="0.14" errors="0" timestamp="2024-07-11T22:13:52 IST">
  <testcase classname="Demo.ClassA" name="verifyClassATestA" time="0.008"/>
  <testcase classname="Demo.ClassA" name="verifyClassATestB" time="0.003"/>
  <testcase classname="Demo.ClassB" name="verifyClassBTestA" time="0.003"/>
  <testcase classname="Demo.ClassB" name="verifyClassBTestB" time="0.008"/>
</testsuite> <!-- Test -->
